2026-03-10 22:08:15,494 - FilesystemWatcher - INFO - Initialized FilesystemWatcher
2026-03-10 22:08:15,495 - FilesystemWatcher - INFO - Watching folder: D:\Personal-AI-FTEs\AI_Employee_Vault\Inbox
2026-03-10 22:08:15,496 - FilesystemWatcher - INFO - Starting FilesystemWatcher (interval: 30s)
2026-03-10 22:09:15,538 - FilesystemWatcher - INFO - Found 1 new item(s) to process
2026-03-10 22:09:15,547 - FilesystemWatcher - INFO - Processed file: email.txt -> FILE_email.txt.md
2026-03-10 22:09:15,548 - FilesystemWatcher - INFO - Created action file: FILE_email.txt.md
2026-03-10 22:09:45,590 - FilesystemWatcher - INFO - Found 1 new item(s) to process
2026-03-10 22:09:45,597 - FilesystemWatcher - INFO - Processed file: email.txt -> FILE_email.txt.md
2026-03-10 22:09:45,599 - FilesystemWatcher - INFO - Created action file: FILE_email.txt.md
2026-03-10 23:21:45,808 - FilesystemWatcher - INFO - Found 1 new item(s) to process
2026-03-10 23:21:45,829 - FilesystemWatcher - INFO - Processed file: urgent_payment.txt -> FILE_urgent_payment.txt.md
2026-03-10 23:21:45,830 - FilesystemWatcher - INFO - Created action file: FILE_urgent_payment.txt.md
2026-03-10 23:22:15,833 - FilesystemWatcher - INFO - Found 1 new item(s) to process
2026-03-10 23:22:15,838 - FilesystemWatcher - INFO - Processed file: payment.txt -> FILE_payment.txt.md
2026-03-10 23:22:15,839 - FilesystemWatcher - INFO - Created action file: FILE_payment.txt.md
2026-03-10 23:22:45,842 - FilesystemWatcher - INFO - Found 1 new item(s) to process
2026-03-10 23:22:45,849 - FilesystemWatcher - INFO - Processed file: website_project.txt -> FILE_website_project.txt.md
2026-03-10 23:22:45,850 - FilesystemWatcher - INFO - Created action file: FILE_website_project.txt.md
2026-03-11 01:13:27,617 - FilesystemWatcher - INFO - Found 1 new item(s) to process
2026-03-11 01:13:39,549 - FilesystemWatcher - INFO - Processed file: pay.txt -> FILE_pay.txt.md
2026-03-11 01:13:39,550 - FilesystemWatcher - INFO - Created action file: FILE_pay.txt.md
2026-03-11 01:29:09,591 - FilesystemWatcher - INFO - Found 1 new item(s) to process
2026-03-11 01:29:09,598 - FilesystemWatcher - INFO - Processed file: money.txt -> FILE_money.txt.md
2026-03-11 01:29:09,600 - FilesystemWatcher - INFO - Created action file: FILE_money.txt.md
